2026-04-03 03:08:26.655 - RealTimeSTT: realtimestt - INFO - Starting RealTimeSTT
2026-04-03 03:08:26.708 - RealTimeSTT: realtimestt - INFO - Initializing audio recording (creating pyAudio input stream, sample rate: 16000 buffer size: 512
2026-04-03 03:08:26.739 - RealTimeSTT: realtimestt - ERROR - Wakeword engine  unknown/unsupported or wake_words not specified. Please specify one of: pvporcupine, openwakeword.
NoneType: None
2026-04-03 03:08:26.739 - RealTimeSTT: realtimestt - INFO - Initializing WebRTC voice with Sensitivity 2
2026-04-03 03:08:26.739 - RealTimeSTT: realtimestt - DEBUG - WebRTC VAD voice activity detection engine initialized successfully
2026-04-03 03:52:40.073 - RealTimeSTT: realtimestt - INFO - Starting RealTimeSTT
2026-04-03 03:52:40.127 - RealTimeSTT: realtimestt - INFO - Initializing audio recording (creating pyAudio input stream, sample rate: 16000 buffer size: 512
2026-04-03 03:53:04.884 - RealTimeSTT: realtimestt - INFO - Successfully loaded openwakeword model: alexa
2026-04-03 03:53:04.884 - RealTimeSTT: realtimestt - INFO - Successfully loaded openwakeword model: hey_mycroft
2026-04-03 03:53:04.884 - RealTimeSTT: realtimestt - INFO - Successfully loaded openwakeword model: hey_jarvis
2026-04-03 03:53:04.884 - RealTimeSTT: realtimestt - INFO - Successfully loaded openwakeword model: hey_rhasspy
2026-04-03 03:53:04.884 - RealTimeSTT: realtimestt - INFO - Successfully loaded openwakeword model: timer
2026-04-03 03:53:04.884 - RealTimeSTT: realtimestt - INFO - Successfully loaded openwakeword model: weather
2026-04-03 03:53:04.884 - RealTimeSTT: realtimestt - DEBUG - Open wake word detection engine initialized successfully
2026-04-03 03:53:04.884 - RealTimeSTT: realtimestt - INFO - Initializing WebRTC voice with Sensitivity 2
2026-04-03 03:53:04.884 - RealTimeSTT: realtimestt - DEBUG - WebRTC VAD voice activity detection engine initialized successfully
2026-04-03 03:53:52.909 - RealTimeSTT: realtimestt - DEBUG - Silero VAD voice activity detection engine initialized successfully
2026-04-03 03:53:52.910 - RealTimeSTT: realtimestt - DEBUG - Starting realtime worker
2026-04-03 03:53:52.910 - RealTimeSTT: realtimestt - DEBUG - Waiting for main transcription model to start
2026-04-03 03:53:52.910 - RealTimeSTT: realtimestt - WARNING - Audio queue size exceeds latency limit. Current size: 2023. Discarding old audio chunks.
2026-04-03 03:53:52.910 - RealTimeSTT: realtimestt - DEBUG - Main transcription model ready
2026-04-03 03:53:52.910 - RealTimeSTT: realtimestt - DEBUG - RealtimeSTT initialization completed successfully
2026-04-03 03:53:57.868 - RealTimeSTT: realtimestt - INFO - Setting listen time
2026-04-03 03:53:57.868 - RealTimeSTT: realtimestt - INFO - State changed from 'inactive' to 'listening'
2026-04-03 03:53:57.868 - RealTimeSTT: realtimestt - DEBUG - Waiting for recording start
2026-04-03 03:53:58.171 - RealTimeSTT: realtimestt - INFO - State changed from 'listening' to 'wakeword'
2026-04-03 03:54:09.935 - RealTimeSTT: realtimestt - INFO - State changed from 'wakeword' to 'listening'
2026-04-03 03:54:10.584 - RealTimeSTT: realtimestt - INFO - voice activity detected
2026-04-03 03:54:10.584 - RealTimeSTT: realtimestt - INFO - recording started
2026-04-03 03:54:10.584 - RealTimeSTT: realtimestt - INFO - State changed from 'listening' to 'recording'
2026-04-03 03:54:10.584 - RealTimeSTT: realtimestt - DEBUG - Waiting for recording stop
2026-04-03 03:54:13.082 - RealTimeSTT: realtimestt - INFO - recording stopped
2026-04-03 03:54:13.083 - RealTimeSTT: realtimestt - DEBUG - No samples removed, final audio length: 39424
2026-04-03 03:54:13.083 - RealTimeSTT: realtimestt - INFO - State changed from 'recording' to 'inactive'
2026-04-03 03:54:13.083 - RealTimeSTT: realtimestt - INFO - State changed from 'inactive' to 'transcribing'
2026-04-03 03:54:13.083 - RealTimeSTT: realtimestt - DEBUG - Adding transcription request, no early transcription started
2026-04-03 03:54:13.087 - RealTimeSTT: realtimestt - DEBUG - Receive from parent_transcription_pipe after sendiung transcription request, transcribe_count: 1
2026-04-03 03:54:13.198 - RealTimeSTT: realtimestt - DEBUG - Receive from parent_transcription_pipe after sendiung transcription request, transcribe_count: 1
2026-04-03 03:54:13.302 - RealTimeSTT: realtimestt - DEBUG - Receive from parent_transcription_pipe after sendiung transcription request, transcribe_count: 1
2026-04-03 03:54:13.416 - RealTimeSTT: realtimestt - DEBUG - Receive from parent_transcription_pipe after sendiung transcription request, transcribe_count: 1
2026-04-03 03:54:13.518 - RealTimeSTT: realtimestt - DEBUG - Receive from parent_transcription_pipe after sendiung transcription request, transcribe_count: 1
2026-04-03 03:54:13.530 - RealTimeSTT: realtimestt - INFO - State changed from 'transcribing' to 'inactive'
2026-04-03 03:54:13.530 - RealTimeSTT: realtimestt - DEBUG - Model tiny completed transcription in 0.45 seconds
2026-04-03 03:54:19.192 - RealTimeSTT: realtimestt - INFO - Setting listen time
2026-04-03 03:54:19.192 - RealTimeSTT: realtimestt - INFO - State changed from 'inactive' to 'listening'
2026-04-03 03:54:19.192 - RealTimeSTT: realtimestt - DEBUG - Waiting for recording start
2026-04-03 03:54:27.164 - RealTimeSTT: realtimestt - INFO - voice activity detected
2026-04-03 03:54:27.165 - RealTimeSTT: realtimestt - INFO - recording started
2026-04-03 03:54:27.165 - RealTimeSTT: realtimestt - INFO - State changed from 'listening' to 'recording'
2026-04-03 03:54:27.165 - RealTimeSTT: realtimestt - DEBUG - Waiting for recording stop
2026-04-03 03:54:30.871 - RealTimeSTT: realtimestt - INFO - recording stopped
2026-04-03 03:54:30.872 - RealTimeSTT: realtimestt - DEBUG - No samples removed, final audio length: 59392
2026-04-03 03:54:30.873 - RealTimeSTT: realtimestt - INFO - State changed from 'recording' to 'inactive'
2026-04-03 03:54:30.873 - RealTimeSTT: realtimestt - INFO - State changed from 'inactive' to 'transcribing'
2026-04-03 03:54:30.873 - RealTimeSTT: realtimestt - DEBUG - Adding transcription request, no early transcription started
2026-04-03 03:54:30.874 - RealTimeSTT: realtimestt - DEBUG - Receive from parent_transcription_pipe after sendiung transcription request, transcribe_count: 1
2026-04-03 03:54:30.982 - RealTimeSTT: realtimestt - DEBUG - Receive from parent_transcription_pipe after sendiung transcription request, transcribe_count: 1
2026-04-03 03:54:31.085 - RealTimeSTT: realtimestt - DEBUG - Receive from parent_transcription_pipe after sendiung transcription request, transcribe_count: 1
2026-04-03 03:54:31.199 - RealTimeSTT: realtimestt - DEBUG - Receive from parent_transcription_pipe after sendiung transcription request, transcribe_count: 1
2026-04-03 03:54:31.301 - RealTimeSTT: realtimestt - DEBUG - Receive from parent_transcription_pipe after sendiung transcription request, transcribe_count: 1
2026-04-03 03:54:31.309 - RealTimeSTT: realtimestt - INFO - State changed from 'transcribing' to 'inactive'
2026-04-03 03:54:31.311 - RealTimeSTT: realtimestt - DEBUG - Model tiny completed transcription in 0.44 seconds
2026-04-03 03:54:38.396 - RealTimeSTT: realtimestt - INFO - Setting listen time
2026-04-03 03:54:38.396 - RealTimeSTT: realtimestt - INFO - State changed from 'inactive' to 'listening'
2026-04-03 03:54:38.396 - RealTimeSTT: realtimestt - DEBUG - Waiting for recording start
2026-04-03 03:54:48.021 - RealTimeSTT: realtimestt - INFO - voice activity detected
2026-04-03 03:54:48.021 - RealTimeSTT: realtimestt - INFO - recording started
2026-04-03 03:54:48.021 - RealTimeSTT: realtimestt - INFO - State changed from 'listening' to 'recording'
2026-04-03 03:54:48.022 - RealTimeSTT: realtimestt - DEBUG - Waiting for recording stop
2026-04-03 03:54:50.711 - RealTimeSTT: realtimestt - INFO - recording stopped
2026-04-03 03:54:50.713 - RealTimeSTT: realtimestt - DEBUG - No samples removed, final audio length: 43008
2026-04-03 03:54:50.713 - RealTimeSTT: realtimestt - INFO - State changed from 'recording' to 'inactive'
2026-04-03 03:54:50.714 - RealTimeSTT: realtimestt - INFO - State changed from 'inactive' to 'transcribing'
2026-04-03 03:54:50.714 - RealTimeSTT: realtimestt - DEBUG - Adding transcription request, no early transcription started
2026-04-03 03:54:50.714 - RealTimeSTT: realtimestt - DEBUG - Receive from parent_transcription_pipe after sendiung transcription request, transcribe_count: 1
2026-04-03 03:54:50.815 - RealTimeSTT: realtimestt - DEBUG - Receive from parent_transcription_pipe after sendiung transcription request, transcribe_count: 1
2026-04-03 03:54:50.916 - RealTimeSTT: realtimestt - DEBUG - Receive from parent_transcription_pipe after sendiung transcription request, transcribe_count: 1
2026-04-03 03:54:51.031 - RealTimeSTT: realtimestt - DEBUG - Receive from parent_transcription_pipe after sendiung transcription request, transcribe_count: 1
2026-04-03 03:54:51.071 - RealTimeSTT: realtimestt - INFO - State changed from 'transcribing' to 'inactive'
2026-04-03 03:54:51.072 - RealTimeSTT: realtimestt - DEBUG - Model tiny completed transcription in 0.36 seconds
2026-04-03 03:54:54.837 - RealTimeSTT: realtimestt - INFO - Setting listen time
2026-04-03 03:54:54.838 - RealTimeSTT: realtimestt - INFO - State changed from 'inactive' to 'listening'
2026-04-03 03:54:54.838 - RealTimeSTT: realtimestt - DEBUG - Waiting for recording start
2026-04-03 03:55:01.591 - RealTimeSTT: realtimestt - INFO - voice activity detected
2026-04-03 03:55:01.591 - RealTimeSTT: realtimestt - INFO - recording started
2026-04-03 03:55:01.591 - RealTimeSTT: realtimestt - INFO - State changed from 'listening' to 'recording'
2026-04-03 03:55:01.591 - RealTimeSTT: realtimestt - DEBUG - Waiting for recording stop
2026-04-03 03:55:03.381 - RealTimeSTT: realtimestt - INFO - recording stopped
2026-04-03 03:55:03.381 - RealTimeSTT: realtimestt - DEBUG - No samples removed, final audio length: 28672
2026-04-03 03:55:03.381 - RealTimeSTT: realtimestt - INFO - State changed from 'recording' to 'inactive'
2026-04-03 03:55:03.381 - RealTimeSTT: realtimestt - INFO - State changed from 'inactive' to 'transcribing'
2026-04-03 03:55:03.381 - RealTimeSTT: realtimestt - DEBUG - Adding transcription request, no early transcription started
2026-04-03 03:55:03.400 - RealTimeSTT: realtimestt - DEBUG - Receive from parent_transcription_pipe after sendiung transcription request, transcribe_count: 1
2026-04-03 03:55:03.513 - RealTimeSTT: realtimestt - DEBUG - Receive from parent_transcription_pipe after sendiung transcription request, transcribe_count: 1
2026-04-03 03:55:03.616 - RealTimeSTT: realtimestt - DEBUG - Receive from parent_transcription_pipe after sendiung transcription request, transcribe_count: 1
2026-04-03 03:55:03.731 - RealTimeSTT: realtimestt - DEBUG - Receive from parent_transcription_pipe after sendiung transcription request, transcribe_count: 1
2026-04-03 03:55:03.804 - RealTimeSTT: realtimestt - INFO - State changed from 'transcribing' to 'inactive'
2026-04-03 03:55:03.805 - RealTimeSTT: realtimestt - DEBUG - Model tiny completed transcription in 0.42 seconds
2026-04-03 03:55:11.405 - RealTimeSTT: realtimestt - INFO - Setting listen time
2026-04-03 03:55:11.405 - RealTimeSTT: realtimestt - INFO - State changed from 'inactive' to 'listening'
2026-04-03 03:55:11.406 - RealTimeSTT: realtimestt - DEBUG - Waiting for recording start
2026-04-03 03:57:17.210 - RealTimeSTT: realtimestt - INFO - voice activity detected
2026-04-03 03:57:17.212 - RealTimeSTT: realtimestt - INFO - recording started
2026-04-03 03:57:17.212 - RealTimeSTT: realtimestt - INFO - State changed from 'listening' to 'recording'
2026-04-03 03:57:17.212 - RealTimeSTT: realtimestt - DEBUG - Waiting for recording stop
2026-04-03 03:57:20.020 - RealTimeSTT: realtimestt - INFO - recording stopped
2026-04-03 03:57:20.023 - RealTimeSTT: realtimestt - DEBUG - No samples removed, final audio length: 45056
2026-04-03 03:57:20.023 - RealTimeSTT: realtimestt - INFO - State changed from 'recording' to 'inactive'
2026-04-03 03:57:20.023 - RealTimeSTT: realtimestt - INFO - State changed from 'inactive' to 'transcribing'
2026-04-03 03:57:20.023 - RealTimeSTT: realtimestt - DEBUG - Adding transcription request, no early transcription started
2026-04-03 03:57:20.030 - RealTimeSTT: realtimestt - DEBUG - Receive from parent_transcription_pipe after sendiung transcription request, transcribe_count: 1
2026-04-03 03:57:20.139 - RealTimeSTT: realtimestt - DEBUG - Receive from parent_transcription_pipe after sendiung transcription request, transcribe_count: 1
2026-04-03 03:57:20.242 - RealTimeSTT: realtimestt - DEBUG - Receive from parent_transcription_pipe after sendiung transcription request, transcribe_count: 1
2026-04-03 03:57:20.343 - RealTimeSTT: realtimestt - DEBUG - Receive from parent_transcription_pipe after sendiung transcription request, transcribe_count: 1
2026-04-03 03:57:20.458 - RealTimeSTT: realtimestt - DEBUG - Receive from parent_transcription_pipe after sendiung transcription request, transcribe_count: 1
2026-04-03 03:57:20.504 - RealTimeSTT: realtimestt - INFO - State changed from 'transcribing' to 'inactive'
2026-04-03 03:57:20.504 - RealTimeSTT: realtimestt - DEBUG - Model tiny completed transcription in 0.48 seconds
2026-04-03 03:57:25.416 - RealTimeSTT: realtimestt - INFO - Setting listen time
2026-04-03 03:57:25.416 - RealTimeSTT: realtimestt - INFO - State changed from 'inactive' to 'listening'
2026-04-03 03:57:25.416 - RealTimeSTT: realtimestt - DEBUG - Waiting for recording start
2026-04-03 03:57:33.777 - RealTimeSTT: realtimestt - INFO - voice activity detected
2026-04-03 03:57:33.777 - RealTimeSTT: realtimestt - INFO - recording started
2026-04-03 03:57:33.777 - RealTimeSTT: realtimestt - INFO - State changed from 'listening' to 'recording'
2026-04-03 03:57:33.777 - RealTimeSTT: realtimestt - DEBUG - Waiting for recording stop
2026-04-03 03:57:37.371 - RealTimeSTT: realtimestt - INFO - recording stopped
2026-04-03 03:57:37.372 - RealTimeSTT: realtimestt - DEBUG - No samples removed, final audio length: 57344
2026-04-03 03:57:37.372 - RealTimeSTT: realtimestt - INFO - State changed from 'recording' to 'inactive'
2026-04-03 03:57:37.372 - RealTimeSTT: realtimestt - INFO - State changed from 'inactive' to 'transcribing'
2026-04-03 03:57:37.372 - RealTimeSTT: realtimestt - DEBUG - Adding transcription request, no early transcription started
2026-04-03 03:57:37.377 - RealTimeSTT: realtimestt - DEBUG - Receive from parent_transcription_pipe after sendiung transcription request, transcribe_count: 1
2026-04-03 03:57:37.489 - RealTimeSTT: realtimestt - DEBUG - Receive from parent_transcription_pipe after sendiung transcription request, transcribe_count: 1
2026-04-03 03:57:37.592 - RealTimeSTT: realtimestt - DEBUG - Receive from parent_transcription_pipe after sendiung transcription request, transcribe_count: 1
2026-04-03 03:57:37.706 - RealTimeSTT: realtimestt - DEBUG - Receive from parent_transcription_pipe after sendiung transcription request, transcribe_count: 1
2026-04-03 03:57:37.808 - RealTimeSTT: realtimestt - DEBUG - Receive from parent_transcription_pipe after sendiung transcription request, transcribe_count: 1
2026-04-03 03:57:37.850 - RealTimeSTT: realtimestt - INFO - State changed from 'transcribing' to 'inactive'
2026-04-03 03:57:37.852 - RealTimeSTT: realtimestt - DEBUG - Model tiny completed transcription in 0.48 seconds
2026-04-03 03:57:42.483 - RealTimeSTT: realtimestt - INFO - Setting listen time
2026-04-03 03:57:42.485 - RealTimeSTT: realtimestt - INFO - State changed from 'inactive' to 'listening'
2026-04-03 03:57:42.485 - RealTimeSTT: realtimestt - DEBUG - Waiting for recording start
2026-04-03 03:57:49.783 - RealTimeSTT: realtimestt - INFO - voice activity detected
2026-04-03 03:57:49.783 - RealTimeSTT: realtimestt - INFO - recording started
2026-04-03 03:57:49.783 - RealTimeSTT: realtimestt - INFO - State changed from 'listening' to 'recording'
2026-04-03 03:57:49.783 - RealTimeSTT: realtimestt - DEBUG - Waiting for recording stop
2026-04-03 03:57:52.280 - RealTimeSTT: realtimestt - INFO - recording stopped
2026-04-03 03:57:52.282 - RealTimeSTT: realtimestt - DEBUG - No samples removed, final audio length: 39936
2026-04-03 03:57:52.282 - RealTimeSTT: realtimestt - INFO - State changed from 'recording' to 'inactive'
2026-04-03 03:57:52.282 - RealTimeSTT: realtimestt - INFO - State changed from 'inactive' to 'transcribing'
2026-04-03 03:57:52.282 - RealTimeSTT: realtimestt - DEBUG - Adding transcription request, no early transcription started
2026-04-03 03:57:52.293 - RealTimeSTT: realtimestt - DEBUG - Receive from parent_transcription_pipe after sendiung transcription request, transcribe_count: 1
2026-04-03 03:57:52.407 - RealTimeSTT: realtimestt - DEBUG - Receive from parent_transcription_pipe after sendiung transcription request, transcribe_count: 1
2026-04-03 03:57:52.523 - RealTimeSTT: realtimestt - DEBUG - Receive from parent_transcription_pipe after sendiung transcription request, transcribe_count: 1
2026-04-03 03:57:52.624 - RealTimeSTT: realtimestt - DEBUG - Receive from parent_transcription_pipe after sendiung transcription request, transcribe_count: 1
2026-04-03 03:57:52.652 - RealTimeSTT: realtimestt - INFO - State changed from 'transcribing' to 'inactive'
2026-04-03 03:57:52.653 - RealTimeSTT: realtimestt - DEBUG - Model tiny completed transcription in 0.37 seconds
2026-04-03 03:57:56.830 - RealTimeSTT: realtimestt - INFO - Setting listen time
2026-04-03 03:57:56.830 - RealTimeSTT: realtimestt - INFO - State changed from 'inactive' to 'listening'
2026-04-03 03:57:56.830 - RealTimeSTT: realtimestt - DEBUG - Waiting for recording start
2026-04-03 03:58:05.854 - RealTimeSTT: realtimestt - INFO - voice activity detected
2026-04-03 03:58:05.854 - RealTimeSTT: realtimestt - INFO - recording started
2026-04-03 03:58:05.854 - RealTimeSTT: realtimestt - INFO - State changed from 'listening' to 'recording'
2026-04-03 03:58:05.854 - RealTimeSTT: realtimestt - DEBUG - Waiting for recording stop
2026-04-03 03:58:08.407 - RealTimeSTT: realtimestt - INFO - recording stopped
2026-04-03 03:58:08.407 - RealTimeSTT: realtimestt - DEBUG - No samples removed, final audio length: 40448
2026-04-03 03:58:08.407 - RealTimeSTT: realtimestt - INFO - State changed from 'recording' to 'inactive'
2026-04-03 03:58:08.407 - RealTimeSTT: realtimestt - INFO - State changed from 'inactive' to 'transcribing'
2026-04-03 03:58:08.407 - RealTimeSTT: realtimestt - DEBUG - Adding transcription request, no early transcription started
2026-04-03 03:58:08.425 - RealTimeSTT: realtimestt - DEBUG - Receive from parent_transcription_pipe after sendiung transcription request, transcribe_count: 1
2026-04-03 03:58:08.539 - RealTimeSTT: realtimestt - DEBUG - Receive from parent_transcription_pipe after sendiung transcription request, transcribe_count: 1
2026-04-03 03:58:08.640 - RealTimeSTT: realtimestt - DEBUG - Receive from parent_transcription_pipe after sendiung transcription request, transcribe_count: 1
2026-04-03 03:58:08.755 - RealTimeSTT: realtimestt - DEBUG - Receive from parent_transcription_pipe after sendiung transcription request, transcribe_count: 1
2026-04-03 03:58:08.804 - RealTimeSTT: realtimestt - INFO - State changed from 'transcribing' to 'inactive'
2026-04-03 03:58:08.805 - RealTimeSTT: realtimestt - DEBUG - Model tiny completed transcription in 0.40 seconds
2026-04-03 03:58:13.020 - RealTimeSTT: realtimestt - INFO - Setting listen time
2026-04-03 03:58:13.020 - RealTimeSTT: realtimestt - INFO - State changed from 'inactive' to 'listening'
2026-04-03 03:58:13.020 - RealTimeSTT: realtimestt - DEBUG - Waiting for recording start
2026-04-03 03:58:23.639 - RealTimeSTT: realtimestt - INFO - voice activity detected
2026-04-03 03:58:23.639 - RealTimeSTT: realtimestt - INFO - recording started
2026-04-03 03:58:23.639 - RealTimeSTT: realtimestt - INFO - State changed from 'listening' to 'recording'
2026-04-03 03:58:23.639 - RealTimeSTT: realtimestt - DEBUG - Waiting for recording stop
2026-04-03 03:58:25.370 - RealTimeSTT: realtimestt - INFO - recording stopped
2026-04-03 03:58:25.372 - RealTimeSTT: realtimestt - DEBUG - No samples removed, final audio length: 27648
2026-04-03 03:58:25.373 - RealTimeSTT: realtimestt - INFO - State changed from 'recording' to 'inactive'
2026-04-03 03:58:25.373 - RealTimeSTT: realtimestt - INFO - State changed from 'inactive' to 'transcribing'
2026-04-03 03:58:25.373 - RealTimeSTT: realtimestt - DEBUG - Adding transcription request, no early transcription started
2026-04-03 03:58:25.375 - RealTimeSTT: realtimestt - DEBUG - Receive from parent_transcription_pipe after sendiung transcription request, transcribe_count: 1
2026-04-03 03:58:25.486 - RealTimeSTT: realtimestt - DEBUG - Receive from parent_transcription_pipe after sendiung transcription request, transcribe_count: 1
2026-04-03 03:58:25.587 - RealTimeSTT: realtimestt - DEBUG - Receive from parent_transcription_pipe after sendiung transcription request, transcribe_count: 1
2026-04-03 03:58:25.689 - RealTimeSTT: realtimestt - DEBUG - Receive from parent_transcription_pipe after sendiung transcription request, transcribe_count: 1
2026-04-03 03:58:25.693 - RealTimeSTT: realtimestt - INFO - State changed from 'transcribing' to 'inactive'
2026-04-03 03:58:25.693 - RealTimeSTT: realtimestt - DEBUG - Model tiny completed transcription in 0.32 seconds
2026-04-03 03:58:29.977 - RealTimeSTT: realtimestt - INFO - Setting listen time
2026-04-03 03:58:29.977 - RealTimeSTT: realtimestt - INFO - State changed from 'inactive' to 'listening'
2026-04-03 03:58:29.977 - RealTimeSTT: realtimestt - DEBUG - Waiting for recording start
2026-04-03 03:58:31.196 - RealTimeSTT: realtimestt - INFO - voice activity detected
2026-04-03 03:58:31.196 - RealTimeSTT: realtimestt - INFO - recording started
2026-04-03 03:58:31.196 - RealTimeSTT: realtimestt - INFO - State changed from 'listening' to 'recording'
2026-04-03 03:58:31.196 - RealTimeSTT: realtimestt - DEBUG - Waiting for recording stop
2026-04-03 03:58:33.811 - RealTimeSTT: realtimestt - INFO - recording stopped
2026-04-03 03:58:33.812 - RealTimeSTT: realtimestt - DEBUG - No samples removed, final audio length: 41472
2026-04-03 03:58:33.812 - RealTimeSTT: realtimestt - INFO - State changed from 'recording' to 'inactive'
2026-04-03 03:58:33.812 - RealTimeSTT: realtimestt - INFO - State changed from 'inactive' to 'transcribing'
2026-04-03 03:58:33.812 - RealTimeSTT: realtimestt - DEBUG - Adding transcription request, no early transcription started
2026-04-03 03:58:33.826 - RealTimeSTT: realtimestt - DEBUG - Receive from parent_transcription_pipe after sendiung transcription request, transcribe_count: 1
2026-04-03 03:58:33.839 - RealTimeSTT: realtimestt - INFO - State changed from 'transcribing' to 'inactive'
2026-04-03 03:58:33.839 - RealTimeSTT: realtimestt - DEBUG - Model tiny completed transcription in 0.03 seconds
2026-04-03 03:58:33.839 - RealTimeSTT: realtimestt - DEBUG - Finishing recording thread
2026-04-03 03:58:33.855 - RealTimeSTT: realtimestt - DEBUG - Terminating reader process
2026-04-03 03:58:34.597 - RealTimeSTT: realtimestt - DEBUG - Terminating transcription process
2026-04-03 03:58:34.597 - RealTimeSTT: realtimestt - DEBUG - Finishing realtime thread
2026-04-03 04:18:42.662 - RealTimeSTT: realtimestt - INFO - Starting RealTimeSTT
2026-04-03 04:18:42.700 - RealTimeSTT: realtimestt - INFO - Initializing audio recording (creating pyAudio input stream, sample rate: 16000 buffer size: 512
2026-04-03 04:18:43.186 - RealTimeSTT: realtimestt - INFO - Successfully loaded openwakeword model: alexa
2026-04-03 04:18:43.186 - RealTimeSTT: realtimestt - INFO - Successfully loaded openwakeword model: hey_mycroft
2026-04-03 04:18:43.186 - RealTimeSTT: realtimestt - INFO - Successfully loaded openwakeword model: hey_jarvis
2026-04-03 04:18:43.186 - RealTimeSTT: realtimestt - INFO - Successfully loaded openwakeword model: hey_rhasspy
2026-04-03 04:18:43.186 - RealTimeSTT: realtimestt - INFO - Successfully loaded openwakeword model: timer
2026-04-03 04:18:43.186 - RealTimeSTT: realtimestt - INFO - Successfully loaded openwakeword model: weather
2026-04-03 04:18:43.186 - RealTimeSTT: realtimestt - DEBUG - Open wake word detection engine initialized successfully
2026-04-03 04:18:43.186 - RealTimeSTT: realtimestt - INFO - Initializing WebRTC voice with Sensitivity 2
2026-04-03 04:18:43.186 - RealTimeSTT: realtimestt - DEBUG - WebRTC VAD voice activity detection engine initialized successfully
2026-04-03 04:18:44.144 - RealTimeSTT: realtimestt - DEBUG - Silero VAD voice activity detection engine initialized successfully
2026-04-03 04:18:44.146 - RealTimeSTT: realtimestt - DEBUG - Starting realtime worker
2026-04-03 04:18:44.146 - RealTimeSTT: realtimestt - DEBUG - Waiting for main transcription model to start
2026-04-03 04:18:58.635 - RealTimeSTT: realtimestt - DEBUG - Main transcription model ready
2026-04-03 04:18:58.638 - RealTimeSTT: realtimestt - DEBUG - RealtimeSTT initialization completed successfully
2026-04-03 04:19:02.185 - RealTimeSTT: realtimestt - INFO - Setting listen time
2026-04-03 04:19:02.186 - RealTimeSTT: realtimestt - INFO - State changed from 'inactive' to 'listening'
2026-04-03 04:19:02.186 - RealTimeSTT: realtimestt - DEBUG - Waiting for recording start
2026-04-03 04:19:02.514 - RealTimeSTT: realtimestt - INFO - State changed from 'listening' to 'wakeword'
2026-04-03 04:19:10.516 - RealTimeSTT: realtimestt - INFO - State changed from 'wakeword' to 'listening'
2026-04-03 04:19:10.647 - RealTimeSTT: realtimestt - INFO - voice activity detected
2026-04-03 04:19:10.647 - RealTimeSTT: realtimestt - INFO - recording started
2026-04-03 04:19:10.647 - RealTimeSTT: realtimestt - INFO - State changed from 'listening' to 'recording'
2026-04-03 04:19:10.647 - RealTimeSTT: realtimestt - DEBUG - Waiting for recording stop
2026-04-03 04:19:13.263 - RealTimeSTT: realtimestt - INFO - recording stopped
2026-04-03 04:19:13.265 - RealTimeSTT: realtimestt - DEBUG - No samples removed, final audio length: 41984
2026-04-03 04:19:13.265 - RealTimeSTT: realtimestt - INFO - State changed from 'recording' to 'inactive'
2026-04-03 04:19:13.265 - RealTimeSTT: realtimestt - INFO - State changed from 'inactive' to 'transcribing'
2026-04-03 04:19:13.265 - RealTimeSTT: realtimestt - DEBUG - Adding transcription request, no early transcription started
2026-04-03 04:19:13.266 - RealTimeSTT: realtimestt - DEBUG - Receive from parent_transcription_pipe after sendiung transcription request, transcribe_count: 1
2026-04-03 04:19:13.377 - RealTimeSTT: realtimestt - DEBUG - Receive from parent_transcription_pipe after sendiung transcription request, transcribe_count: 1
2026-04-03 04:19:13.493 - RealTimeSTT: realtimestt - DEBUG - Receive from parent_transcription_pipe after sendiung transcription request, transcribe_count: 1
2026-04-03 04:19:13.594 - RealTimeSTT: realtimestt - DEBUG - Receive from parent_transcription_pipe after sendiung transcription request, transcribe_count: 1
2026-04-03 04:19:13.710 - RealTimeSTT: realtimestt - DEBUG - Receive from parent_transcription_pipe after sendiung transcription request, transcribe_count: 1
2026-04-03 04:19:13.825 - RealTimeSTT: realtimestt - DEBUG - Receive from parent_transcription_pipe after sendiung transcription request, transcribe_count: 1
2026-04-03 04:19:13.942 - RealTimeSTT: realtimestt - DEBUG - Receive from parent_transcription_pipe after sendiung transcription request, transcribe_count: 1
2026-04-03 04:19:14.050 - RealTimeSTT: realtimestt - DEBUG - Receive from parent_transcription_pipe after sendiung transcription request, transcribe_count: 1
2026-04-03 04:19:14.160 - RealTimeSTT: realtimestt - DEBUG - Receive from parent_transcription_pipe after sendiung transcription request, transcribe_count: 1
2026-04-03 04:19:14.273 - RealTimeSTT: realtimestt - DEBUG - Receive from parent_transcription_pipe after sendiung transcription request, transcribe_count: 1
2026-04-03 04:19:14.307 - RealTimeSTT: realtimestt - INFO - State changed from 'transcribing' to 'inactive'
2026-04-03 04:19:14.307 - RealTimeSTT: realtimestt - DEBUG - Model base completed transcription in 1.04 seconds
2026-04-03 04:19:54.215 - RealTimeSTT: realtimestt - INFO - Setting listen time
2026-04-03 04:19:54.215 - RealTimeSTT: realtimestt - INFO - State changed from 'inactive' to 'listening'
2026-04-03 04:19:54.215 - RealTimeSTT: realtimestt - DEBUG - Waiting for recording start
2026-04-03 04:19:58.704 - RealTimeSTT: realtimestt - INFO - voice activity detected
2026-04-03 04:19:58.704 - RealTimeSTT: realtimestt - INFO - recording started
2026-04-03 04:19:58.704 - RealTimeSTT: realtimestt - INFO - State changed from 'listening' to 'recording'
2026-04-03 04:19:58.704 - RealTimeSTT: realtimestt - DEBUG - Waiting for recording stop
2026-04-03 04:20:00.564 - RealTimeSTT: realtimestt - INFO - recording stopped
2026-04-03 04:20:00.566 - RealTimeSTT: realtimestt - DEBUG - No samples removed, final audio length: 29696
2026-04-03 04:20:00.566 - RealTimeSTT: realtimestt - INFO - State changed from 'recording' to 'inactive'
2026-04-03 04:20:00.566 - RealTimeSTT: realtimestt - INFO - State changed from 'inactive' to 'transcribing'
2026-04-03 04:20:00.566 - RealTimeSTT: realtimestt - DEBUG - Adding transcription request, no early transcription started
2026-04-03 04:20:00.577 - RealTimeSTT: realtimestt - DEBUG - Receive from parent_transcription_pipe after sendiung transcription request, transcribe_count: 1
2026-04-03 04:20:00.583 - RealTimeSTT: realtimestt - INFO - State changed from 'transcribing' to 'inactive'
2026-04-03 04:20:00.583 - RealTimeSTT: realtimestt - DEBUG - Model base completed transcription in 0.02 seconds
2026-04-03 04:20:00.583 - RealTimeSTT: realtimestt - DEBUG - Finishing recording thread
2026-04-03 04:20:00.589 - RealTimeSTT: realtimestt - DEBUG - Terminating reader process
2026-04-03 04:20:01.487 - RealTimeSTT: realtimestt - DEBUG - Terminating transcription process
2026-04-03 04:20:01.496 - RealTimeSTT: realtimestt - DEBUG - Finishing realtime thread
2026-04-03 12:48:40.232 - RealTimeSTT: realtimestt - INFO - Starting RealTimeSTT
2026-04-03 12:48:40.332 - RealTimeSTT: realtimestt - INFO - Initializing audio recording (creating pyAudio input stream, sample rate: 16000 buffer size: 512
2026-04-03 12:48:40.806 - RealTimeSTT: realtimestt - INFO - Successfully loaded openwakeword model: alexa
2026-04-03 12:48:40.806 - RealTimeSTT: realtimestt - INFO - Successfully loaded openwakeword model: hey_mycroft
2026-04-03 12:48:40.806 - RealTimeSTT: realtimestt - INFO - Successfully loaded openwakeword model: hey_jarvis
2026-04-03 12:48:40.806 - RealTimeSTT: realtimestt - INFO - Successfully loaded openwakeword model: hey_rhasspy
2026-04-03 12:48:40.806 - RealTimeSTT: realtimestt - INFO - Successfully loaded openwakeword model: timer
2026-04-03 12:48:40.806 - RealTimeSTT: realtimestt - INFO - Successfully loaded openwakeword model: weather
2026-04-03 12:48:40.806 - RealTimeSTT: realtimestt - DEBUG - Open wake word detection engine initialized successfully
2026-04-03 12:48:40.806 - RealTimeSTT: realtimestt - INFO - Initializing WebRTC voice with Sensitivity 2
2026-04-03 12:48:40.806 - RealTimeSTT: realtimestt - DEBUG - WebRTC VAD voice activity detection engine initialized successfully
2026-04-03 12:48:42.435 - RealTimeSTT: realtimestt - DEBUG - Silero VAD voice activity detection engine initialized successfully
2026-04-03 12:48:42.435 - RealTimeSTT: realtimestt - DEBUG - Starting realtime worker
2026-04-03 12:48:42.435 - RealTimeSTT: realtimestt - DEBUG - Waiting for main transcription model to start
2026-04-03 12:48:50.917 - RealTimeSTT: realtimestt - DEBUG - Main transcription model ready
2026-04-03 12:48:50.917 - RealTimeSTT: realtimestt - DEBUG - RealtimeSTT initialization completed successfully
2026-04-03 12:48:59.868 - RealTimeSTT: realtimestt - INFO - Setting listen time
2026-04-03 12:48:59.869 - RealTimeSTT: realtimestt - INFO - State changed from 'inactive' to 'listening'
2026-04-03 12:48:59.869 - RealTimeSTT: realtimestt - DEBUG - Waiting for recording start
2026-04-03 12:49:00.173 - RealTimeSTT: realtimestt - INFO - State changed from 'listening' to 'wakeword'
2026-04-03 12:49:06.391 - RealTimeSTT: realtimestt - INFO - State changed from 'wakeword' to 'listening'
2026-04-03 12:49:06.708 - RealTimeSTT: realtimestt - INFO - voice activity detected
2026-04-03 12:49:06.708 - RealTimeSTT: realtimestt - INFO - recording started
2026-04-03 12:49:06.708 - RealTimeSTT: realtimestt - INFO - State changed from 'listening' to 'recording'
2026-04-03 12:49:06.708 - RealTimeSTT: realtimestt - DEBUG - Waiting for recording stop
2026-04-03 12:49:09.192 - RealTimeSTT: realtimestt - INFO - recording stopped
2026-04-03 12:49:09.192 - RealTimeSTT: realtimestt - DEBUG - No samples removed, final audio length: 39936
2026-04-03 12:49:09.192 - RealTimeSTT: realtimestt - INFO - State changed from 'recording' to 'inactive'
2026-04-03 12:49:09.196 - RealTimeSTT: realtimestt - INFO - State changed from 'inactive' to 'transcribing'
2026-04-03 12:49:09.196 - RealTimeSTT: realtimestt - DEBUG - Adding transcription request, no early transcription started
2026-04-03 12:49:09.197 - RealTimeSTT: realtimestt - DEBUG - Receive from parent_transcription_pipe after sendiung transcription request, transcribe_count: 1
2026-04-03 12:49:09.311 - RealTimeSTT: realtimestt - DEBUG - Receive from parent_transcription_pipe after sendiung transcription request, transcribe_count: 1
2026-04-03 12:49:09.413 - RealTimeSTT: realtimestt - DEBUG - Receive from parent_transcription_pipe after sendiung transcription request, transcribe_count: 1
2026-04-03 12:49:09.525 - RealTimeSTT: realtimestt - DEBUG - Receive from parent_transcription_pipe after sendiung transcription request, transcribe_count: 1
2026-04-03 12:49:09.640 - RealTimeSTT: realtimestt - DEBUG - Receive from parent_transcription_pipe after sendiung transcription request, transcribe_count: 1
2026-04-03 12:49:09.748 - RealTimeSTT: realtimestt - DEBUG - Receive from parent_transcription_pipe after sendiung transcription request, transcribe_count: 1
2026-04-03 12:49:09.856 - RealTimeSTT: realtimestt - DEBUG - Receive from parent_transcription_pipe after sendiung transcription request, transcribe_count: 1
2026-04-03 12:49:09.963 - RealTimeSTT: realtimestt - DEBUG - Receive from parent_transcription_pipe after sendiung transcription request, transcribe_count: 1
2026-04-03 12:49:10.072 - RealTimeSTT: realtimestt - DEBUG - Receive from parent_transcription_pipe after sendiung transcription request, transcribe_count: 1
2026-04-03 12:49:10.159 - RealTimeSTT: realtimestt - INFO - State changed from 'transcribing' to 'inactive'
2026-04-03 12:49:10.163 - RealTimeSTT: realtimestt - DEBUG - Model base completed transcription in 0.97 seconds
2026-04-03 12:49:16.503 - RealTimeSTT: realtimestt - INFO - Setting listen time
2026-04-03 12:49:16.503 - RealTimeSTT: realtimestt - INFO - State changed from 'inactive' to 'listening'
2026-04-03 12:49:16.503 - RealTimeSTT: realtimestt - DEBUG - Waiting for recording start
2026-04-03 12:49:25.832 - RealTimeSTT: realtimestt - INFO - voice activity detected
2026-04-03 12:49:25.832 - RealTimeSTT: realtimestt - INFO - recording started
2026-04-03 12:49:25.832 - RealTimeSTT: realtimestt - INFO - State changed from 'listening' to 'recording'
2026-04-03 12:49:25.832 - RealTimeSTT: realtimestt - DEBUG - Waiting for recording stop
2026-04-03 12:49:28.072 - RealTimeSTT: realtimestt - INFO - recording stopped
2026-04-03 12:49:28.074 - RealTimeSTT: realtimestt - DEBUG - No samples removed, final audio length: 35840
2026-04-03 12:49:28.074 - RealTimeSTT: realtimestt - INFO - State changed from 'recording' to 'inactive'
2026-04-03 12:49:28.074 - RealTimeSTT: realtimestt - INFO - State changed from 'inactive' to 'transcribing'
2026-04-03 12:49:28.074 - RealTimeSTT: realtimestt - DEBUG - Adding transcription request, no early transcription started
2026-04-03 12:49:28.075 - RealTimeSTT: realtimestt - DEBUG - Receive from parent_transcription_pipe after sendiung transcription request, transcribe_count: 1
2026-04-03 12:49:28.179 - RealTimeSTT: realtimestt - DEBUG - Receive from parent_transcription_pipe after sendiung transcription request, transcribe_count: 1
2026-04-03 12:49:28.279 - RealTimeSTT: realtimestt - DEBUG - Receive from parent_transcription_pipe after sendiung transcription request, transcribe_count: 1
2026-04-03 12:49:28.389 - RealTimeSTT: realtimestt - DEBUG - Receive from parent_transcription_pipe after sendiung transcription request, transcribe_count: 1
2026-04-03 12:49:28.496 - RealTimeSTT: realtimestt - DEBUG - Receive from parent_transcription_pipe after sendiung transcription request, transcribe_count: 1
2026-04-03 12:49:28.599 - RealTimeSTT: realtimestt - DEBUG - Receive from parent_transcription_pipe after sendiung transcription request, transcribe_count: 1
2026-04-03 12:49:28.703 - RealTimeSTT: realtimestt - DEBUG - Receive from parent_transcription_pipe after sendiung transcription request, transcribe_count: 1
2026-04-03 12:49:28.809 - RealTimeSTT: realtimestt - DEBUG - Receive from parent_transcription_pipe after sendiung transcription request, transcribe_count: 1
2026-04-03 12:49:28.913 - RealTimeSTT: realtimestt - DEBUG - Receive from parent_transcription_pipe after sendiung transcription request, transcribe_count: 1
2026-04-03 12:49:28.963 - RealTimeSTT: realtimestt - INFO - State changed from 'transcribing' to 'inactive'
2026-04-03 12:49:28.963 - RealTimeSTT: realtimestt - DEBUG - Model base completed transcription in 0.89 seconds
2026-04-03 12:49:34.066 - RealTimeSTT: realtimestt - INFO - Setting listen time
2026-04-03 12:49:34.066 - RealTimeSTT: realtimestt - INFO - State changed from 'inactive' to 'listening'
2026-04-03 12:49:34.066 - RealTimeSTT: realtimestt - DEBUG - Waiting for recording start
2026-04-03 12:49:34.916 - RealTimeSTT: realtimestt - INFO - voice activity detected
2026-04-03 12:49:34.916 - RealTimeSTT: realtimestt - INFO - recording started
2026-04-03 12:49:34.916 - RealTimeSTT: realtimestt - INFO - State changed from 'listening' to 'recording'
2026-04-03 12:49:34.916 - RealTimeSTT: realtimestt - DEBUG - Waiting for recording stop
2026-04-03 12:49:36.056 - RealTimeSTT: realtimestt - INFO - recording stopped
2026-04-03 12:49:36.058 - RealTimeSTT: realtimestt - DEBUG - No samples removed, final audio length: 17408
2026-04-03 12:49:36.058 - RealTimeSTT: realtimestt - INFO - State changed from 'recording' to 'inactive'
2026-04-03 12:49:36.058 - RealTimeSTT: realtimestt - INFO - State changed from 'inactive' to 'transcribing'
2026-04-03 12:49:36.058 - RealTimeSTT: realtimestt - DEBUG - Adding transcription request, no early transcription started
2026-04-03 12:49:36.073 - RealTimeSTT: realtimestt - DEBUG - Receive from parent_transcription_pipe after sendiung transcription request, transcribe_count: 1
2026-04-03 12:49:36.177 - RealTimeSTT: realtimestt - DEBUG - Receive from parent_transcription_pipe after sendiung transcription request, transcribe_count: 1
2026-04-03 12:49:36.290 - RealTimeSTT: realtimestt - DEBUG - Receive from parent_transcription_pipe after sendiung transcription request, transcribe_count: 1
2026-04-03 12:49:36.395 - RealTimeSTT: realtimestt - DEBUG - Receive from parent_transcription_pipe after sendiung transcription request, transcribe_count: 1
2026-04-03 12:49:36.506 - RealTimeSTT: realtimestt - DEBUG - Receive from parent_transcription_pipe after sendiung transcription request, transcribe_count: 1
2026-04-03 12:49:36.612 - RealTimeSTT: realtimestt - DEBUG - Receive from parent_transcription_pipe after sendiung transcription request, transcribe_count: 1
2026-04-03 12:49:36.713 - RealTimeSTT: realtimestt - DEBUG - Receive from parent_transcription_pipe after sendiung transcription request, transcribe_count: 1
2026-04-03 12:49:36.822 - RealTimeSTT: realtimestt - DEBUG - Receive from parent_transcription_pipe after sendiung transcription request, transcribe_count: 1
2026-04-03 12:49:36.929 - RealTimeSTT: realtimestt - DEBUG - Receive from parent_transcription_pipe after sendiung transcription request, transcribe_count: 1
2026-04-03 12:49:36.996 - RealTimeSTT: realtimestt - INFO - State changed from 'transcribing' to 'inactive'
2026-04-03 12:49:36.996 - RealTimeSTT: realtimestt - DEBUG - Model base completed transcription in 0.94 seconds
2026-04-03 12:49:42.459 - RealTimeSTT: realtimestt - INFO - Setting listen time
2026-04-03 12:49:42.459 - RealTimeSTT: realtimestt - INFO - State changed from 'inactive' to 'listening'
2026-04-03 12:49:42.459 - RealTimeSTT: realtimestt - DEBUG - Waiting for recording start
2026-04-03 12:49:50.357 - RealTimeSTT: realtimestt - INFO - voice activity detected
2026-04-03 12:49:50.357 - RealTimeSTT: realtimestt - INFO - recording started
2026-04-03 12:49:50.357 - RealTimeSTT: realtimestt - INFO - State changed from 'listening' to 'recording'
2026-04-03 12:49:50.357 - RealTimeSTT: realtimestt - DEBUG - Waiting for recording stop
2026-04-03 12:49:53.234 - RealTimeSTT: realtimestt - INFO - recording stopped
2026-04-03 12:49:53.236 - RealTimeSTT: realtimestt - DEBUG - No samples removed, final audio length: 46080
2026-04-03 12:49:53.236 - RealTimeSTT: realtimestt - INFO - State changed from 'recording' to 'inactive'
2026-04-03 12:49:53.236 - RealTimeSTT: realtimestt - INFO - State changed from 'inactive' to 'transcribing'
2026-04-03 12:49:53.236 - RealTimeSTT: realtimestt - DEBUG - Adding transcription request, no early transcription started
2026-04-03 12:49:53.236 - RealTimeSTT: realtimestt - DEBUG - Receive from parent_transcription_pipe after sendiung transcription request, transcribe_count: 1
2026-04-03 12:49:53.341 - RealTimeSTT: realtimestt - DEBUG - Receive from parent_transcription_pipe after sendiung transcription request, transcribe_count: 1
2026-04-03 12:49:53.449 - RealTimeSTT: realtimestt - DEBUG - Receive from parent_transcription_pipe after sendiung transcription request, transcribe_count: 1
2026-04-03 12:49:53.551 - RealTimeSTT: realtimestt - DEBUG - Receive from parent_transcription_pipe after sendiung transcription request, transcribe_count: 1
2026-04-03 12:49:53.658 - RealTimeSTT: realtimestt - DEBUG - Receive from parent_transcription_pipe after sendiung transcription request, transcribe_count: 1
2026-04-03 12:49:53.759 - RealTimeSTT: realtimestt - DEBUG - Receive from parent_transcription_pipe after sendiung transcription request, transcribe_count: 1
2026-04-03 12:49:53.861 - RealTimeSTT: realtimestt - DEBUG - Receive from parent_transcription_pipe after sendiung transcription request, transcribe_count: 1
2026-04-03 12:49:53.967 - RealTimeSTT: realtimestt - DEBUG - Receive from parent_transcription_pipe after sendiung transcription request, transcribe_count: 1
2026-04-03 12:49:54.071 - RealTimeSTT: realtimestt - DEBUG - Receive from parent_transcription_pipe after sendiung transcription request, transcribe_count: 1
2026-04-03 12:49:54.144 - RealTimeSTT: realtimestt - INFO - State changed from 'transcribing' to 'inactive'
2026-04-03 12:49:54.151 - RealTimeSTT: realtimestt - DEBUG - Model base completed transcription in 0.92 seconds
2026-04-03 12:50:01.398 - RealTimeSTT: realtimestt - INFO - Setting listen time
2026-04-03 12:50:01.400 - RealTimeSTT: realtimestt - INFO - State changed from 'inactive' to 'listening'
2026-04-03 12:50:01.400 - RealTimeSTT: realtimestt - DEBUG - Waiting for recording start
2026-04-03 12:50:02.131 - RealTimeSTT: realtimestt - INFO - voice activity detected
2026-04-03 12:50:02.131 - RealTimeSTT: realtimestt - INFO - recording started
2026-04-03 12:50:02.131 - RealTimeSTT: realtimestt - INFO - State changed from 'listening' to 'recording'
2026-04-03 12:50:02.131 - RealTimeSTT: realtimestt - DEBUG - Waiting for recording stop
2026-04-03 12:50:08.723 - RealTimeSTT: realtimestt - INFO - recording stopped
2026-04-03 12:50:08.727 - RealTimeSTT: realtimestt - DEBUG - No samples removed, final audio length: 105472
2026-04-03 12:50:08.727 - RealTimeSTT: realtimestt - INFO - State changed from 'recording' to 'inactive'
2026-04-03 12:50:08.727 - RealTimeSTT: realtimestt - INFO - State changed from 'inactive' to 'transcribing'
2026-04-03 12:50:08.727 - RealTimeSTT: realtimestt - DEBUG - Adding transcription request, no early transcription started
2026-04-03 12:50:08.742 - RealTimeSTT: realtimestt - DEBUG - Receive from parent_transcription_pipe after sendiung transcription request, transcribe_count: 1
2026-04-03 12:50:08.858 - RealTimeSTT: realtimestt - DEBUG - Receive from parent_transcription_pipe after sendiung transcription request, transcribe_count: 1
2026-04-03 12:50:08.961 - RealTimeSTT: realtimestt - DEBUG - Receive from parent_transcription_pipe after sendiung transcription request, transcribe_count: 1
2026-04-03 12:50:09.064 - RealTimeSTT: realtimestt - DEBUG - Receive from parent_transcription_pipe after sendiung transcription request, transcribe_count: 1
2026-04-03 12:50:09.170 - RealTimeSTT: realtimestt - DEBUG - Receive from parent_transcription_pipe after sendiung transcription request, transcribe_count: 1
2026-04-03 12:50:09.272 - RealTimeSTT: realtimestt - DEBUG - Receive from parent_transcription_pipe after sendiung transcription request, transcribe_count: 1
2026-04-03 12:50:09.375 - RealTimeSTT: realtimestt - DEBUG - Receive from parent_transcription_pipe after sendiung transcription request, transcribe_count: 1
2026-04-03 12:50:09.488 - RealTimeSTT: realtimestt - DEBUG - Receive from parent_transcription_pipe after sendiung transcription request, transcribe_count: 1
2026-04-03 12:50:09.594 - RealTimeSTT: realtimestt - DEBUG - Receive from parent_transcription_pipe after sendiung transcription request, transcribe_count: 1
2026-04-03 12:50:09.706 - RealTimeSTT: realtimestt - DEBUG - Receive from parent_transcription_pipe after sendiung transcription request, transcribe_count: 1
2026-04-03 12:50:09.821 - RealTimeSTT: realtimestt - DEBUG - Receive from parent_transcription_pipe after sendiung transcription request, transcribe_count: 1
2026-04-03 12:50:09.927 - RealTimeSTT: realtimestt - DEBUG - Receive from parent_transcription_pipe after sendiung transcription request, transcribe_count: 1
2026-04-03 12:50:09.966 - RealTimeSTT: realtimestt - INFO - State changed from 'transcribing' to 'inactive'
2026-04-03 12:50:09.973 - RealTimeSTT: realtimestt - DEBUG - Model base completed transcription in 1.25 seconds
2026-04-03 12:50:17.683 - RealTimeSTT: realtimestt - INFO - Setting listen time
2026-04-03 12:50:17.684 - RealTimeSTT: realtimestt - INFO - State changed from 'inactive' to 'listening'
2026-04-03 12:50:17.684 - RealTimeSTT: realtimestt - DEBUG - Waiting for recording start
2026-04-03 12:50:29.906 - RealTimeSTT: realtimestt - INFO - voice activity detected
2026-04-03 12:50:29.906 - RealTimeSTT: realtimestt - INFO - recording started
2026-04-03 12:50:29.906 - RealTimeSTT: realtimestt - INFO - State changed from 'listening' to 'recording'
2026-04-03 12:50:29.906 - RealTimeSTT: realtimestt - DEBUG - Waiting for recording stop
2026-04-03 12:50:32.855 - RealTimeSTT: realtimestt - INFO - recording stopped
2026-04-03 12:50:32.857 - RealTimeSTT: realtimestt - DEBUG - No samples removed, final audio length: 47104
2026-04-03 12:50:32.857 - RealTimeSTT: realtimestt - INFO - State changed from 'recording' to 'inactive'
2026-04-03 12:50:32.857 - RealTimeSTT: realtimestt - INFO - State changed from 'inactive' to 'transcribing'
2026-04-03 12:50:32.857 - RealTimeSTT: realtimestt - DEBUG - Adding transcription request, no early transcription started
2026-04-03 12:50:32.857 - RealTimeSTT: realtimestt - DEBUG - Receive from parent_transcription_pipe after sendiung transcription request, transcribe_count: 1
2026-04-03 12:50:32.961 - RealTimeSTT: realtimestt - DEBUG - Receive from parent_transcription_pipe after sendiung transcription request, transcribe_count: 1
2026-04-03 12:50:33.066 - RealTimeSTT: realtimestt - DEBUG - Receive from parent_transcription_pipe after sendiung transcription request, transcribe_count: 1
2026-04-03 12:50:33.173 - RealTimeSTT: realtimestt - DEBUG - Receive from parent_transcription_pipe after sendiung transcription request, transcribe_count: 1
2026-04-03 12:50:33.283 - RealTimeSTT: realtimestt - DEBUG - Receive from parent_transcription_pipe after sendiung transcription request, transcribe_count: 1
2026-04-03 12:50:33.390 - RealTimeSTT: realtimestt - DEBUG - Receive from parent_transcription_pipe after sendiung transcription request, transcribe_count: 1
2026-04-03 12:50:33.495 - RealTimeSTT: realtimestt - DEBUG - Receive from parent_transcription_pipe after sendiung transcription request, transcribe_count: 1
2026-04-03 12:50:33.597 - RealTimeSTT: realtimestt - DEBUG - Receive from parent_transcription_pipe after sendiung transcription request, transcribe_count: 1
2026-04-03 12:50:33.701 - RealTimeSTT: realtimestt - DEBUG - Receive from parent_transcription_pipe after sendiung transcription request, transcribe_count: 1
2026-04-03 12:50:33.805 - RealTimeSTT: realtimestt - DEBUG - Receive from parent_transcription_pipe after sendiung transcription request, transcribe_count: 1
2026-04-03 12:50:33.838 - RealTimeSTT: realtimestt - INFO - State changed from 'transcribing' to 'inactive'
2026-04-03 12:50:33.838 - RealTimeSTT: realtimestt - DEBUG - Model base completed transcription in 0.98 seconds
2026-04-03 12:51:15.412 - RealTimeSTT: realtimestt - INFO - Setting listen time
2026-04-03 12:51:15.412 - RealTimeSTT: realtimestt - INFO - State changed from 'inactive' to 'listening'
2026-04-03 12:51:15.412 - RealTimeSTT: realtimestt - DEBUG - Waiting for recording start
2026-04-03 12:51:16.695 - RealTimeSTT: realtimestt - INFO - voice activity detected
2026-04-03 12:51:16.695 - RealTimeSTT: realtimestt - INFO - recording started
2026-04-03 12:51:16.695 - RealTimeSTT: realtimestt - INFO - State changed from 'listening' to 'recording'
2026-04-03 12:51:16.695 - RealTimeSTT: realtimestt - DEBUG - Waiting for recording stop
2026-04-03 12:51:56.624 - RealTimeSTT: realtimestt - INFO - recording stopped
2026-04-03 12:51:56.632 - RealTimeSTT: realtimestt - DEBUG - No samples removed, final audio length: 638976
2026-04-03 12:51:56.634 - RealTimeSTT: realtimestt - INFO - State changed from 'recording' to 'inactive'
2026-04-03 12:51:56.634 - RealTimeSTT: realtimestt - INFO - State changed from 'inactive' to 'transcribing'
2026-04-03 12:51:56.634 - RealTimeSTT: realtimestt - DEBUG - Adding transcription request, no early transcription started
2026-04-03 12:51:56.640 - RealTimeSTT: realtimestt - DEBUG - Receive from parent_transcription_pipe after sendiung transcription request, transcribe_count: 1
2026-04-03 12:51:56.753 - RealTimeSTT: realtimestt - DEBUG - Receive from parent_transcription_pipe after sendiung transcription request, transcribe_count: 1
2026-04-03 12:51:56.862 - RealTimeSTT: realtimestt - DEBUG - Receive from parent_transcription_pipe after sendiung transcription request, transcribe_count: 1
2026-04-03 12:51:56.963 - RealTimeSTT: realtimestt - DEBUG - Receive from parent_transcription_pipe after sendiung transcription request, transcribe_count: 1
2026-04-03 12:51:57.127 - RealTimeSTT: realtimestt - DEBUG - Receive from parent_transcription_pipe after sendiung transcription request, transcribe_count: 1
2026-04-03 12:51:57.232 - RealTimeSTT: realtimestt - DEBUG - Receive from parent_transcription_pipe after sendiung transcription request, transcribe_count: 1
2026-04-03 12:51:57.338 - RealTimeSTT: realtimestt - DEBUG - Receive from parent_transcription_pipe after sendiung transcription request, transcribe_count: 1
2026-04-03 12:51:57.450 - RealTimeSTT: realtimestt - DEBUG - Receive from parent_transcription_pipe after sendiung transcription request, transcribe_count: 1
2026-04-03 12:51:57.555 - RealTimeSTT: realtimestt - DEBUG - Receive from parent_transcription_pipe after sendiung transcription request, transcribe_count: 1
2026-04-03 12:51:57.666 - RealTimeSTT: realtimestt - DEBUG - Receive from parent_transcription_pipe after sendiung transcription request, transcribe_count: 1
2026-04-03 12:51:57.772 - RealTimeSTT: realtimestt - DEBUG - Receive from parent_transcription_pipe after sendiung transcription request, transcribe_count: 1
2026-04-03 12:51:57.876 - RealTimeSTT: realtimestt - DEBUG - Receive from parent_transcription_pipe after sendiung transcription request, transcribe_count: 1
2026-04-03 12:51:57.981 - RealTimeSTT: realtimestt - DEBUG - Receive from parent_transcription_pipe after sendiung transcription request, transcribe_count: 1
2026-04-03 12:51:58.082 - RealTimeSTT: realtimestt - DEBUG - Receive from parent_transcription_pipe after sendiung transcription request, transcribe_count: 1
2026-04-03 12:51:58.184 - RealTimeSTT: realtimestt - DEBUG - Receive from parent_transcription_pipe after sendiung transcription request, transcribe_count: 1
2026-04-03 12:51:58.296 - RealTimeSTT: realtimestt - DEBUG - Receive from parent_transcription_pipe after sendiung transcription request, transcribe_count: 1
2026-04-03 12:51:58.396 - RealTimeSTT: realtimestt - DEBUG - Receive from parent_transcription_pipe after sendiung transcription request, transcribe_count: 1
2026-04-03 12:51:58.501 - RealTimeSTT: realtimestt - DEBUG - Receive from parent_transcription_pipe after sendiung transcription request, transcribe_count: 1
2026-04-03 12:51:58.605 - RealTimeSTT: realtimestt - DEBUG - Receive from parent_transcription_pipe after sendiung transcription request, transcribe_count: 1
2026-04-03 12:51:58.712 - RealTimeSTT: realtimestt - DEBUG - Receive from parent_transcription_pipe after sendiung transcription request, transcribe_count: 1
2026-04-03 12:51:58.824 - RealTimeSTT: realtimestt - DEBUG - Receive from parent_transcription_pipe after sendiung transcription request, transcribe_count: 1
2026-04-03 12:51:58.932 - RealTimeSTT: realtimestt - DEBUG - Receive from parent_transcription_pipe after sendiung transcription request, transcribe_count: 1
2026-04-03 12:51:59.045 - RealTimeSTT: realtimestt - DEBUG - Receive from parent_transcription_pipe after sendiung transcription request, transcribe_count: 1
2026-04-03 12:51:59.147 - RealTimeSTT: realtimestt - DEBUG - Receive from parent_transcription_pipe after sendiung transcription request, transcribe_count: 1
2026-04-03 12:51:59.252 - RealTimeSTT: realtimestt - DEBUG - Receive from parent_transcription_pipe after sendiung transcription request, transcribe_count: 1
2026-04-03 12:51:59.361 - RealTimeSTT: realtimestt - DEBUG - Receive from parent_transcription_pipe after sendiung transcription request, transcribe_count: 1
2026-04-03 12:51:59.464 - RealTimeSTT: realtimestt - DEBUG - Receive from parent_transcription_pipe after sendiung transcription request, transcribe_count: 1
2026-04-03 12:51:59.546 - RealTimeSTT: realtimestt - INFO - State changed from 'transcribing' to 'inactive'
2026-04-03 12:51:59.559 - RealTimeSTT: realtimestt - DEBUG - Model base completed transcription in 2.92 seconds
2026-04-03 12:52:40.774 - RealTimeSTT: realtimestt - INFO - Setting listen time
2026-04-03 12:52:40.774 - RealTimeSTT: realtimestt - INFO - State changed from 'inactive' to 'listening'
2026-04-03 12:52:40.774 - RealTimeSTT: realtimestt - DEBUG - Waiting for recording start
2026-04-03 12:53:05.102 - RealTimeSTT: realtimestt - INFO - voice activity detected
2026-04-03 12:53:05.102 - RealTimeSTT: realtimestt - INFO - recording started
2026-04-03 12:53:05.102 - RealTimeSTT: realtimestt - INFO - State changed from 'listening' to 'recording'
2026-04-03 12:53:05.102 - RealTimeSTT: realtimestt - DEBUG - Waiting for recording stop
2026-04-03 12:53:11.688 - RealTimeSTT: realtimestt - INFO - recording stopped
2026-04-03 12:53:11.694 - RealTimeSTT: realtimestt - DEBUG - No samples removed, final audio length: 105472
2026-04-03 12:53:11.694 - RealTimeSTT: realtimestt - INFO - State changed from 'recording' to 'inactive'
2026-04-03 12:53:11.694 - RealTimeSTT: realtimestt - INFO - State changed from 'inactive' to 'transcribing'
2026-04-03 12:53:11.694 - RealTimeSTT: realtimestt - DEBUG - Adding transcription request, no early transcription started
2026-04-03 12:53:11.715 - RealTimeSTT: realtimestt - DEBUG - Receive from parent_transcription_pipe after sendiung transcription request, transcribe_count: 1
2026-04-03 12:53:11.818 - RealTimeSTT: realtimestt - DEBUG - Receive from parent_transcription_pipe after sendiung transcription request, transcribe_count: 1
2026-04-03 12:53:11.944 - RealTimeSTT: realtimestt - DEBUG - Receive from parent_transcription_pipe after sendiung transcription request, transcribe_count: 1
2026-04-03 12:53:12.054 - RealTimeSTT: realtimestt - DEBUG - Receive from parent_transcription_pipe after sendiung transcription request, transcribe_count: 1
2026-04-03 12:53:12.198 - RealTimeSTT: realtimestt - DEBUG - Receive from parent_transcription_pipe after sendiung transcription request, transcribe_count: 1
2026-04-03 12:53:12.305 - RealTimeSTT: realtimestt - DEBUG - Receive from parent_transcription_pipe after sendiung transcription request, transcribe_count: 1
2026-04-03 12:53:12.411 - RealTimeSTT: realtimestt - DEBUG - Receive from parent_transcription_pipe after sendiung transcription request, transcribe_count: 1
2026-04-03 12:53:12.512 - RealTimeSTT: realtimestt - DEBUG - Receive from parent_transcription_pipe after sendiung transcription request, transcribe_count: 1
2026-04-03 12:53:12.612 - RealTimeSTT: realtimestt - DEBUG - Receive from parent_transcription_pipe after sendiung transcription request, transcribe_count: 1
2026-04-03 12:53:12.724 - RealTimeSTT: realtimestt - DEBUG - Receive from parent_transcription_pipe after sendiung transcription request, transcribe_count: 1
2026-04-03 12:53:12.758 - RealTimeSTT: realtimestt - INFO - State changed from 'transcribing' to 'inactive'
2026-04-03 12:53:12.764 - RealTimeSTT: realtimestt - DEBUG - Model base completed transcription in 1.07 seconds
2026-04-03 12:53:51.716 - RealTimeSTT: realtimestt - INFO - Setting listen time
2026-04-03 12:53:51.716 - RealTimeSTT: realtimestt - INFO - State changed from 'inactive' to 'listening'
2026-04-03 12:53:51.716 - RealTimeSTT: realtimestt - DEBUG - Waiting for recording start
2026-04-03 12:56:14.472 - RealTimeSTT: realtimestt - INFO - KeyboardInterrupt in wait_audio, shutting down
2026-04-03 12:56:14.473 - RealTimeSTT: realtimestt - DEBUG - Finishing recording thread
2026-04-03 12:56:14.489 - RealTimeSTT: realtimestt - DEBUG - Terminating reader process
2026-04-03 12:56:16.412 - RealTimeSTT: realtimestt - DEBUG - Terminating transcription process
2026-04-03 12:56:16.417 - RealTimeSTT: realtimestt - DEBUG - Finishing realtime thread
2026-04-03 12:56:16.562 - RealTimeSTT: realtimestt - INFO - KeyboardInterrupt in text() method
